<?xml version="1.0" encoding="UTF-8"?>
<!-- Generated by org.testng.reporters.JUnitReportReporter -->
<testsuite skipped="0" hostname="DESKTOP-91B7HJ8" name="test.LoginTest" tests="2" failures="0" timestamp="16 Aug 2019 20:50:03 GMT" time="21.225" errors="0">
  <testcase name="validUserShouldBeAbleToLogin" time="6.088" classname="test.LoginTest"/>
  <testcase name="invalidUserShouldBeAbleToLogin" time="15.137" classname="test.LoginTest"/>
</testsuite> <!-- test.LoginTest -->
